<?xml version="1.0" encoding="UTF-8"?>
<testsuite name="com.example.project.ExtraCreditTest" tests="1" skipped="0" failures="0" errors="0" timestamp="2024-09-20T13:06:32" hostname="codespaces-db2391" time="0.077">
  <properties/>
  <testcase name="testExtraCredit()" classname="com.example.project.ExtraCreditTest" time="0.077"/>
  <system-out><![CDATA[]]></system-out>
  <system-err><![CDATA[]]></system-err>
</testsuite>
